-------------------------------------------------------------------------------
Test set: TestSuite
-------------------------------------------------------------------------------
Tests run: 6, Failures: 1, Errors: 0, Skipped: 0, Time elapsed: 31.252 s <<< FAILURE! - in TestSuite
testHardAssert(AxisBank.testNG.HardAssert)  Time elapsed: 14.48 s  <<< FAILURE!
java.lang.AssertionError: Title mismatch! expected [OrangeHRM] but found [Orange]
	at AxisBank.testNG.HardAssert.testHardAssert(HardAssert.java:23)

