<?xml version="1.0" encoding="UTF-8"?>
<testng-results ignored="1" total="7" passed="5" failed="1" skipped="0">
  <reporter-output>
  </reporter-output>
  <suite started-at="2024-02-28T14:29:50 IST" name="Suite" finished-at="2024-02-28T14:30:21 IST" duration-ms="30830">
    <groups>
    </groups>
    <test started-at="2024-02-28T14:29:50 IST" name="Test1" finished-at="2024-02-28T14:30:21 IST" duration-ms="30830">
      <class name="AxisBank.testNG.HardAssert">
        <test-method signature="testHardAssert()[pri:0, instance:AxisBank.testNG.HardAssert@49b0b76]" started-at="2024-02-28T14:30:07 IST" name="testHardAssert" finished-at="2024-02-28T14:30:21 IST" duration-ms="14474" status="FAIL">
          <exception class="java.lang.AssertionError">
            <message>
              <![CDATA[Title mismatch! expected [OrangeHRM] but found [Orange]]]>
            </message>
            <full-stacktrace>
              <![CDATA[java.lang.AssertionError: Title mismatch! expected [OrangeHRM] but found [Orange]
at org.testng.Assert.fail(Assert.java:110)
at org.testng.Assert.failNotEquals(Assert.java:1413)
at org.testng.Assert.assertEqualsImpl(Assert.java:149)
at org.testng.Assert.assertEquals(Assert.java:131)
at org.testng.Assert.assertEquals(Assert.java:655)
at AxisBank.testNG.HardAssert.testHardAssert(HardAssert.java:23)
at java.base/jdk.internal.reflect.DirectMethodHandleAccessor.invoke(DirectMethodHandleAccessor.java:103)
at java.base/java.lang.reflect.Method.invoke(Method.java:580)
at org.testng.internal.invokers.MethodInvocationHelper.invokeMethod(MethodInvocationHelper.java:139)
at org.testng.internal.invokers.TestInvoker.invokeMethod(TestInvoker.java:677)
at org.testng.internal.invokers.TestInvoker.invokeTestMethod(TestInvoker.java:221)
at org.testng.internal.invokers.MethodRunner.runInSequence(MethodRunner.java:50)
at org.testng.internal.invokers.TestInvoker$MethodInvocationAgent.invoke(TestInvoker.java:969)
at org.testng.internal.invokers.TestInvoker.invokeTestMethods(TestInvoker.java:194)
at org.testng.internal.invokers.TestMethodWorker.invokeTestMethods(TestMethodWorker.java:148)
at org.testng.internal.invokers.TestMethodWorker.run(TestMethodWorker.java:128)
at java.base/java.util.ArrayList.forEach(ArrayList.java:1596)
at org.testng.TestRunner.privateRun(TestRunner.java:829)
at org.testng.TestRunner.run(TestRunner.java:602)
at org.testng.SuiteRunner.runTest(SuiteRunner.java:437)
at org.testng.SuiteRunner.runSequentially(SuiteRunner.java:431)
at org.testng.SuiteRunner.privateRun(SuiteRunner.java:391)
at org.testng.SuiteRunner.run(SuiteRunner.java:330)
at org.testng.SuiteRunnerWorker.runSuite(SuiteRunnerWorker.java:52)
at org.testng.SuiteRunnerWorker.run(SuiteRunnerWorker.java:95)
at org.testng.TestNG.runSuitesSequentially(TestNG.java:1256)
at org.testng.TestNG.runSuitesLocally(TestNG.java:1176)
at org.testng.TestNG.runSuites(TestNG.java:1099)
at org.testng.TestNG.run(TestNG.java:1067)
at org.apache.maven.surefire.testng.TestNGExecutor.run(TestNGExecutor.java:283)
at org.apache.maven.surefire.testng.TestNGXmlTestSuite.execute(TestNGXmlTestSuite.java:75)
at org.apache.maven.surefire.testng.TestNGProvider.invoke(TestNGProvider.java:120)
at org.apache.maven.surefire.booter.ForkedBooter.invokeProviderInSameClassLoader(ForkedBooter.java:384)
at org.apache.maven.surefire.booter.ForkedBooter.runSuitesInProcess(ForkedBooter.java:345)
at org.apache.maven.surefire.booter.ForkedBooter.execute(ForkedBooter.java:126)
at org.apache.maven.surefire.booter.ForkedBooter.main(ForkedBooter.java:418)
]]>
            </full-stacktrace>
          </exception> <!-- java.lang.AssertionError -->
          <reporter-output>
          </reporter-output>
        </test-method> <!-- testHardAssert -->
      </class> <!-- AxisBank.testNG.HardAssert -->
      <class name="AxisBank.testNG.softassert_eg">
        <test-method signature="testassert()[pri:0, instance:AxisBank.testNG.softassert_eg@35047d03]" started-at="2024-02-28T14:29:56 IST" name="testassert" finished-at="2024-02-28T14:30:07 IST" duration-ms="10839" status="PASS">
          <reporter-output>
          </reporter-output>
        </test-method> <!-- testassert -->
      </class> <!-- AxisBank.testNG.softassert_eg -->
      <class name="AxisBank.testNG.Test1">
        <test-method is-config="true" signature="mainMethod()[pri:0, instance:AxisBank.testNG.Test1@78b66d36]" started-at="2024-02-28T14:29:50 IST" name="mainMethod" finished-at="2024-02-28T14:29:52 IST" duration-ms="1908" status="PASS">
          <reporter-output>
          </reporter-output>
        </test-method> <!-- mainMethod -->
        <test-method signature="configLogin()[pri:0, instance:AxisBank.testNG.Test1@78b66d36]" started-at="2024-02-28T14:29:52 IST" name="configLogin" finished-at="2024-02-28T14:29:53 IST" duration-ms="848" status="PASS">
          <reporter-output>
          </reporter-output>
        </test-method> <!-- configLogin -->
        <test-method signature="configLogin1()[pri:0, instance:AxisBank.testNG.Test1@78b66d36]" started-at="2024-02-28T14:29:53 IST" name="configLogin1" finished-at="2024-02-28T14:29:53 IST" duration-ms="31" status="PASS">
          <reporter-output>
          </reporter-output>
        </test-method> <!-- configLogin1 -->
        <test-method is-config="true" signature="tearDown()[pri:0, instance:AxisBank.testNG.Test1@78b66d36]" started-at="2024-02-28T14:30:21 IST" name="tearDown" finished-at="2024-02-28T14:30:21 IST" duration-ms="124" status="PASS">
          <reporter-output>
          </reporter-output>
        </test-method> <!-- tearDown -->
      </class> <!-- AxisBank.testNG.Test1 -->
      <class name="AxisBank.testNG.Test2">
        <test-method signature="testcaseMain()[pri:1, instance:AxisBank.testNG.Test2@2473d930]" started-at="2024-02-28T14:29:53 IST" name="testcaseMain" finished-at="2024-02-28T14:29:56 IST" duration-ms="2571" status="PASS">
          <reporter-output>
          </reporter-output>
        </test-method> <!-- testcaseMain -->
        <test-method signature="testcase1()[pri:0, instance:AxisBank.testNG.Test2@2473d930]" started-at="2024-02-28T14:29:53 IST" name="testcase1" finished-at="2024-02-28T14:29:53 IST" duration-ms="0" status="PASS">
          <reporter-output>
          </reporter-output>
        </test-method> <!-- testcase1 -->
      </class> <!-- AxisBank.testNG.Test2 -->
    </test> <!-- Test1 -->
  </suite> <!-- Suite -->
</testng-results>
