<?xml version="1.0" encoding="UTF-8"?>
<testng-results ignored="1" total="7" passed="5" failed="1" skipped="0">
  <reporter-output>
  </reporter-output>
  <suite started-at="2024-02-28T08:57:13Z" name="Suite" finished-at="2024-02-28T08:57:32Z" duration-ms="18648">
    <groups>
    </groups>
    <test started-at="2024-02-28T08:57:13Z" name="Test1" finished-at="2024-02-28T08:57:32Z" duration-ms="18648">
      <class name="AxisBank.testNG.HardAssert">
        <test-method signature="testHardAssert()[pri:0, instance:AxisBank.testNG.HardAssert@51dcb805]" started-at="2024-02-28T14:27:23Z" name="testHardAssert" finished-at="2024-02-28T14:27:30Z" duration-ms="6578" status="FAIL">
          <exception class="java.lang.AssertionError">
            <message>
              <![CDATA[Title mismatch! expected [OrangeHRM] but found [Orange]]]>
            </message>
            <full-stacktrace>
              <![CDATA[java.lang.AssertionError: Title mismatch! expected [OrangeHRM] but found [Orange]
	at org.testng.Assert.fail(Assert.java:93)
	at org.testng.Assert.failNotEquals(Assert.java:512)
	at org.testng.Assert.assertEqualsImpl(Assert.java:134)
	at org.testng.Assert.assertEquals(Assert.java:115)
	at org.testng.Assert.assertEquals(Assert.java:189)
	at AxisBank.testNG.HardAssert.testHardAssert(HardAssert.java:23)
	at java.base/jdk.internal.reflect.DirectMethodHandleAccessor.invoke(DirectMethodHandleAccessor.java:103)
	at java.base/java.lang.reflect.Method.invoke(Method.java:580)
	at org.testng.internal.MethodInvocationHelper.invokeMethod(MethodInvocationHelper.java:108)
	at org.testng.internal.Invoker.invokeMethod(Invoker.java:661)
	at org.testng.internal.Invoker.invokeTestMethod(Invoker.java:869)
	at org.testng.internal.Invoker.invokeTestMethods(Invoker.java:1193)
	at org.testng.internal.TestMethodWorker.invokeTestMethods(TestMethodWorker.java:126)
	at org.testng.internal.TestMethodWorker.run(TestMethodWorker.java:109)
	at org.testng.TestRunner.privateRun(TestRunner.java:744)
	at org.testng.TestRunner.run(TestRunner.java:602)
	at org.testng.SuiteRunner.runTest(SuiteRunner.java:380)
	at org.testng.SuiteRunner.runSequentially(SuiteRunner.java:375)
	at org.testng.SuiteRunner.privateRun(SuiteRunner.java:340)
	at org.testng.SuiteRunner.run(SuiteRunner.java:289)
	at org.testng.SuiteRunnerWorker.runSuite(SuiteRunnerWorker.java:52)
	at org.testng.SuiteRunnerWorker.run(SuiteRunnerWorker.java:86)
	at org.testng.TestNG.runSuitesSequentially(TestNG.java:1301)
	at org.testng.TestNG.runSuitesLocally(TestNG.java:1226)
	at org.testng.TestNG.runSuites(TestNG.java:1144)
	at org.testng.TestNG.run(TestNG.java:1115)
	at org.testng.remote.AbstractRemoteTestNG.run(AbstractRemoteTestNG.java:115)
	at org.testng.remote.RemoteTestNG.initAndRun(RemoteTestNG.java:251)
	at org.testng.remote.RemoteTestNG.main(RemoteTestNG.java:77)
]]>
            </full-stacktrace>
          </exception> <!-- java.lang.AssertionError -->
          <reporter-output>
          </reporter-output>
        </test-method> <!-- testHardAssert -->
      </class> <!-- AxisBank.testNG.HardAssert -->
      <class name="AxisBank.testNG.softassert_eg">
        <test-method signature="testassert()[pri:0, instance:AxisBank.testNG.softassert_eg@625732]" started-at="2024-02-28T14:27:18Z" name="testassert" finished-at="2024-02-28T14:27:23Z" duration-ms="5160" status="PASS">
          <reporter-output>
          </reporter-output>
        </test-method> <!-- testassert -->
      </class> <!-- AxisBank.testNG.softassert_eg -->
      <class name="AxisBank.testNG.Test1">
        <test-method is-config="true" signature="mainMethod()[pri:0, instance:AxisBank.testNG.Test1@41fecb8b]" started-at="2024-02-28T14:27:13Z" name="mainMethod" finished-at="2024-02-28T14:27:17Z" duration-ms="3960" status="PASS">
          <reporter-output>
          </reporter-output>
        </test-method> <!-- mainMethod -->
        <test-method signature="configLogin()[pri:0, instance:AxisBank.testNG.Test1@41fecb8b]" started-at="2024-02-28T14:27:17Z" name="configLogin" finished-at="2024-02-28T14:27:18Z" duration-ms="792" status="PASS">
          <reporter-output>
          </reporter-output>
        </test-method> <!-- configLogin -->
        <test-method signature="configLogin1()[pri:0, instance:AxisBank.testNG.Test1@41fecb8b]" started-at="2024-02-28T14:27:18Z" name="configLogin1" finished-at="2024-02-28T14:27:18Z" duration-ms="31" status="PASS">
          <reporter-output>
          </reporter-output>
        </test-method> <!-- configLogin1 -->
        <test-method is-config="true" signature="tearDown()[pri:0, instance:AxisBank.testNG.Test1@41fecb8b]" started-at="2024-02-28T14:27:32Z" name="tearDown" finished-at="2024-02-28T14:27:32Z" duration-ms="122" status="PASS">
          <reporter-output>
          </reporter-output>
        </test-method> <!-- tearDown -->
      </class> <!-- AxisBank.testNG.Test1 -->
      <class name="AxisBank.testNG.Test2">
        <test-method signature="testcase1()[pri:0, instance:AxisBank.testNG.Test2@120f102b]" started-at="2024-02-28T14:27:18Z" name="testcase1" finished-at="2024-02-28T14:27:18Z" duration-ms="1" status="PASS">
          <reporter-output>
          </reporter-output>
        </test-method> <!-- testcase1 -->
        <test-method signature="testcaseMain()[pri:1, instance:AxisBank.testNG.Test2@120f102b]" started-at="2024-02-28T14:27:30Z" name="testcaseMain" finished-at="2024-02-28T14:27:32Z" duration-ms="1983" status="PASS">
          <reporter-output>
          </reporter-output>
        </test-method> <!-- testcaseMain -->
      </class> <!-- AxisBank.testNG.Test2 -->
    </test> <!-- Test1 -->
  </suite> <!-- Suite -->
</testng-results>
